=== ZOMBIE VIRUS - INFECTION LOG ===
Execution: 2026-07-10 13:41:52.151915
Source: zombie.py
UV Evasion: PASSIVE
Manhattan Routing: ORTHOGONAL
Performance Profile: CORRELATED

[13:41:51] Read audio.mp3: 498b binary
[13:41:51] Read datos.csv: 11 rows
[13:41:51] Read documento.docx: 960b office doc
[13:41:51] Read documento.txt: 1391b, 31 lines
[13:41:51] Read imagen.jpg: 330b binary
[13:41:51] Read imagen.png: 69b binary
[13:41:51] Read index.html: 36 tags
[13:41:51] Read leeme.md: 5 headers
[13:41:51] Read notas.txt: 693b, 26 lines
[13:41:51] Read planilla.xlsx: 1624b office doc
[13:41:51] Read presentacion.pptx: 1769b office doc
[13:41:51] Read script.py: 33 lines
[13:41:51] Infected audio.mp3: appended 57b to MP3
[13:41:51] Infected documento.docx: added hidden ZIP entry
[13:41:51] Infected documento.txt: overwritten
[13:41:51] Infected imagen.jpg: appended 57b to JPG
[13:41:51] Infected notas.txt: overwritten
[13:41:51] Infected planilla.xlsx: added hidden ZIP entry
[13:41:51] Infected presentacion.pptx: added hidden ZIP entry
[13:41:51] Infected script.py: prepended
[13:41:51] RTL clone: BRAINS0.txt disguises as .py
[13:41:51] RTL clone: BRAINS1.txt disguises as .py
[13:41:51] RTL clone: BRAINS2.txt disguises as .py
[13:41:51] Manhattan routing scan started
[13:41:51] Manhattan start: README.md
[13:41:51] Manhattan hop: README.md -> script.py dist=18
[13:41:51] Manhattan hop: script.py -> documento.txt dist=49
[13:41:51] Manhattan hop: documento.txt -> notas.txt dist=89
[13:41:51] Manhattan hop: notas.txt -> imagen.jpg dist=62
[13:41:51] Manhattan hop: imagen.jpg -> datos.csv dist=65
[13:41:51] Manhattan hop: datos.csv -> audio.mp3 dist=40
[13:41:51] Manhattan hop: audio.mp3 -> imagen.png dist=67
[13:41:51] Manhattan hop: imagen.png -> infection.log dist=199
[13:41:51] Manhattan hop: infection.log -> leeme.md dist=63
[13:41:51] Manhattan hop: leeme.md -> presentacion.pptx dist=21
[13:41:51] Manhattan hop: presentacion.pptx -> index.html dist=36
[13:41:51] Manhattan hop: index.html -> planilla.xlsx dist=93
[13:41:51] Manhattan hop: planilla.xlsx -> documento.docx dist=61
[13:41:51] Manhattan scan done: 14 nodes, total=863
[13:41:51] Performance profiling started
[13:41:51] Performance: HIGH activity mode
[13:41:52] Performance HIGH: 483.41ms, risk=100
[13:41:52] Performance: LOW activity mode
[13:41:52] Performance LOW: 28.16ms, risk=29
[13:41:52] Performance correlation: high=100x, low=29x

Files read: 12
Files infected: 11
  - regular: 8
  - RTL clones: 3
======================================
