=== CREEPER VIRUS - INFECTION LOG ===
Execution: 2026-07-09 14:31:31
Source: creeper.go

[14:31:31] Read audio.mp3
[14:31:31] Read datos.csv
[14:31:31] Read documento.docx
[14:31:31] Read documento.txt
[14:31:31] Read imagen.jpg
[14:31:31] Read imagen.png
[14:31:31] Read index.html
[14:31:31] Read leeme.md
[14:31:31] Read notas.txt
[14:31:31] Read planilla.xlsx
[14:31:31] Read presentacion.pptx
[14:31:31] Read script.py
[14:31:31] Infected audio.mp3 (appended marker)
[14:31:31] Infected documento.docx (hidden entry)
[14:31:31] Infected documento.txt (overwritten)
[14:31:31] Infected imagen.jpg (appended marker)
[14:31:31] Infected imagen.png (appended marker)
[14:31:31] Infected notas.txt (overwritten)
[14:31:31] Infected planilla.xlsx (hidden entry)
[14:31:31] Infected presentacion.pptx (hidden entry)
[14:31:31] Infected script.py (prepended)
[14:31:31] Infected README0‮txt.py (RTL clone)
[14:31:31] Infected README1‮txt.py (RTL clone)
[14:31:31] Infected README2‮txt.py (RTL clone)

Files read: 12
Files infected: 12
======================================
